<?xml version="1.0" encoding="UTF-8"?>
<!-- Generated by org.testng.reporters.JUnitReportReporter -->
<testsuite hostname="MSI" failures="0" tests="1" name="com.naveen.test.Annotations" time="0.020" errors="0" timestamp="2022-03-10T10:13:17 IST" skipped="0">
  <testcase classname="com.naveen.test.Annotations" name="testmethod1" time="0.020"/>
  <system-out/>
</testsuite> <!-- com.naveen.test.Annotations -->
