<?xml version="1.0" encoding="UTF-8"?>
<!-- Generated by org.testng.reporters.JUnitReportReporter -->
<testsuite hostname="MSI" failures="0" tests="3" name="com.naveen.demoTests.IgnoreTest2" time="0.001" errors="0" timestamp="2022-03-11T16:20:22 IST" skipped="0">
  <testcase classname="com.naveen.demoTests.IgnoreTest2" name="test4" time="0.001"/>
  <system-out/>
  <testcase classname="com.naveen.demoTests.IgnoreTest2" name="test6" time="0.000"/>
  <system-out/>
  <testcase classname="com.naveen.demoTests.IgnoreTest2" name="test5" time="0.000"/>
  <system-out/>
</testsuite> <!-- com.naveen.demoTests.IgnoreTest2 -->
