<?xml version="1.0" encoding="UTF-8"?>
<!-- Generated by org.testng.reporters.JUnitReportReporter -->
<testsuite hostname="MSI" failures="0" tests="2" name="com.naveen.dataProvider.Indices" time="0.007" errors="0" timestamp="2022-03-15T15:37:54 IST" skipped="0">
  <testcase classname="com.naveen.dataProvider.Indices" name="TestLogin" time="0.001"/>
  <system-out/>
  <testcase classname="com.naveen.dataProvider.Indices" name="TestLogin" time="0.006"/>
  <system-out/>
</testsuite> <!-- com.naveen.dataProvider.Indices -->
