<?xml version="1.0" encoding="UTF-8"?>
<!-- Generated by org.testng.reporters.JUnitReportReporter -->
<testsuite hostname="MSI" failures="0" tests="4" name="com.naveen.test.InvocationCount" time="128.284" errors="0" timestamp="2022-03-21T10:10:26 IST" skipped="0">
  <testcase classname="com.naveen.test.InvocationCount" name="TestGuy" time="42.513"/>
  <system-out/>
  <testcase classname="com.naveen.test.InvocationCount" name="TestGuy" time="15.029"/>
  <system-out/>
  <testcase classname="com.naveen.test.InvocationCount" name="TestGuy" time="51.557"/>
  <system-out/>
  <testcase classname="com.naveen.test.InvocationCount" name="TestGuy" time="19.185"/>
  <system-out/>
</testsuite> <!-- com.naveen.test.InvocationCount -->
