<?xml version="1.0" encoding="UTF-8"?>
<!-- Generated by org.testng.reporters.JUnitReportReporter -->
<testsuite hostname="MSI" failures="0" tests="4" name="com.naveen.parallelTest.TestClass3" time="0.004" errors="0" timestamp="2022-04-14T10:24:55 IST" skipped="0">
  <testcase classname="com.naveen.parallelTest.TestClass3" name="TestMethod9" time="0.001"/>
  <system-out/>
  <testcase classname="com.naveen.parallelTest.TestClass3" name="TestMethod8" time="0.001"/>
  <system-out/>
  <testcase classname="com.naveen.parallelTest.TestClass3" name="TestMethod10" time="0.001"/>
  <system-out/>
  <testcase classname="com.naveen.parallelTest.TestClass3" name="TestMethod11" time="0.001"/>
  <system-out/>
</testsuite> <!-- com.naveen.parallelTest.TestClass3 -->
