<?xml version="1.0" encoding="UTF-8"?>
<!-- Generated by org.testng.reporters.JUnitReportReporter -->
<testsuite hostname="MSI" failures="0" tests="2" name="com.naveen.dataProvider.dataProvider2" time="0.006" errors="0" timestamp="2022-03-16T09:18:55 IST" skipped="0">
  <testcase classname="com.naveen.dataProvider.dataProvider2" name="TestLogin" time="0.001"/>
  <system-out/>
  <testcase classname="com.naveen.dataProvider.dataProvider2" name="TestLogin" time="0.005"/>
  <system-out/>
</testsuite> <!-- com.naveen.dataProvider.dataProvider2 -->
