<?xml version="1.0" encoding="UTF-8"?>
<!-- Generated by org.testng.reporters.JUnitReportReporter -->
<testsuite hostname="MSI" failures="0" tests="4" name="com.naveen.parallelTest.TestClass1" time="0.014" errors="0" timestamp="2022-04-14T10:24:55 IST" skipped="0">
  <testcase classname="com.naveen.parallelTest.TestClass1" name="TestMethod4" time="0.002"/>
  <system-out/>
  <testcase classname="com.naveen.parallelTest.TestClass1" name="TestMethod1" time="0.010"/>
  <system-out/>
  <testcase classname="com.naveen.parallelTest.TestClass1" name="TestMethod2" time="0.001"/>
  <system-out/>
  <testcase classname="com.naveen.parallelTest.TestClass1" name="TestMethod3" time="0.001"/>
  <system-out/>
</testsuite> <!-- com.naveen.parallelTest.TestClass1 -->
