<?xml version="1.0" encoding="UTF-8"?>
<!-- Generated by org.testng.reporters.JUnitReportReporter -->
<testsuite hostname="MSI" failures="0" tests="1" name="Test" time="0.006" errors="0" timestamp="2022-03-08T11:21:56 IST" skipped="0">
  <testcase classname="Test" name="nsd" time="0.006"/>
  <system-out/>
</testsuite> <!-- Test -->
