<?xml version="1.0" encoding="UTF-8"?>
<!-- Generated by org.testng.reporters.JUnitReportReporter -->
<testsuite hostname="MSI" failures="0" tests="4" name="com.naveen.dataProvider.BasicTest" time="0.009" errors="0" timestamp="2022-03-15T17:38:10 IST" skipped="0">
  <testcase classname="com.naveen.dataProvider.BasicTest" name="TestLogin" time="0.006"/>
  <system-out/>
  <testcase classname="com.naveen.dataProvider.BasicTest" name="TestLogin" time="0.001"/>
  <system-out/>
  <testcase classname="com.naveen.dataProvider.BasicTest" name="TestLogin" time="0.001"/>
  <system-out/>
  <testcase classname="com.naveen.dataProvider.BasicTest" name="TestLogin" time="0.001"/>
  <system-out/>
</testsuite> <!-- com.naveen.dataProvider.BasicTest -->
