<?xml version="1.0" encoding="UTF-8"?>
<!-- Generated by org.testng.reporters.JUnitReportReporter -->
<testsuite hostname="MSI" failures="0" tests="4" name="com.naveen.groupTests.NewTest2" time="0.007" errors="0" timestamp="2022-03-14T11:53:19 IST" skipped="0">
  <testcase classname="com.naveen.groupTests.NewTest2" name="test5" time="0.001"/>
  <system-out/>
  <testcase classname="com.naveen.groupTests.NewTest2" name="test6" time="0.002"/>
  <system-out/>
  <testcase classname="com.naveen.groupTests.NewTest2" name="test7" time="0.002"/>
  <system-out/>
  <testcase classname="com.naveen.groupTests.NewTest2" name="test4" time="0.002"/>
  <system-out/>
</testsuite> <!-- com.naveen.groupTests.NewTest2 -->
