<?xml version="1.0" encoding="UTF-8"?>
<!-- Generated by org.testng.reporters.JUnitReportReporter -->
<testsuite hostname="MSI" failures="0" tests="1" name="com.naveen.dataProvider.TestAttributes" time="11.702" errors="0" timestamp="2022-03-16T21:54:36 IST" skipped="0">
  <testcase classname="com.naveen.dataProvider.TestAttributes" name="testMethod" time="11.702"/>
  <system-out/>
</testsuite> <!-- com.naveen.dataProvider.TestAttributes -->
