<?xml version="1.0" encoding="UTF-8"?>
<!-- Generated by org.testng.reporters.JUnitReportReporter -->
<testsuite hostname="MSI" failures="0" tests="3" name="com.naveen.groupTests.NewTest1" time="0.006" errors="0" timestamp="2022-03-14T11:53:19 IST" skipped="0">
  <testcase classname="com.naveen.groupTests.NewTest1" name="test2" time="0.002"/>
  <system-out/>
  <testcase classname="com.naveen.groupTests.NewTest1" name="test3" time="0.002"/>
  <system-out/>
  <testcase classname="com.naveen.groupTests.NewTest1" name="test1" time="0.002"/>
  <system-out/>
</testsuite> <!-- com.naveen.groupTests.NewTest1 -->
