<?xml version="1.0" encoding="UTF-8"?>
<!-- Generated by org.testng.reporters.JUnitReportReporter -->
<testsuite hostname="MSI" failures="0" tests="6" name="com.naveen.test.FlightBookingTest" time="0.009" errors="0" timestamp="2022-04-14T10:27:32 IST" skipped="0">
  <testcase classname="com.naveen.test.FlightBookingTest" name="Signup" time="0.006"/>
  <system-out/>
  <testcase classname="com.naveen.test.FlightBookingTest" name="Login" time="0.000"/>
  <system-out/>
  <testcase classname="com.naveen.test.FlightBookingTest" name="SearchForTheFlight" time="0.001"/>
  <system-out/>
  <testcase classname="com.naveen.test.FlightBookingTest" name="BookTheFlight" time="0.000"/>
  <system-out/>
  <testcase classname="com.naveen.test.FlightBookingTest" name="SaveTheTicket" time="0.001"/>
  <system-out/>
  <testcase classname="com.naveen.test.FlightBookingTest" name="Logout" time="0.001"/>
  <system-out/>
</testsuite> <!-- com.naveen.test.FlightBookingTest -->
