<?xml version="1.0" encoding="UTF-8"?>
<!-- Generated by org.testng.reporters.JUnitReportReporter -->
<testsuite hostname="MSI" failures="0" tests="2" name="com.naveen.demoTests.IgnoreTest1" time="0.009" errors="0" timestamp="2022-03-11T17:01:47 IST" skipped="0">
  <testcase classname="com.naveen.demoTests.IgnoreTest1" name="test2" time="0.008"/>
  <system-out/>
  <testcase classname="com.naveen.demoTests.IgnoreTest1" name="test3" time="0.001"/>
  <system-out/>
</testsuite> <!-- com.naveen.demoTests.IgnoreTest1 -->
