<?xml version="1.0" encoding="UTF-8"?>
<!-- Generated by org.testng.reporters.JUnitReportReporter -->
<testsuite hostname="MSI" failures="0" tests="3" name="com.naveen.parallelTest.TestClass2" time="0.002" errors="0" timestamp="2022-04-14T10:24:55 IST" skipped="0">
  <testcase classname="com.naveen.parallelTest.TestClass2" name="TestMethod6" time="0.000"/>
  <system-out/>
  <testcase classname="com.naveen.parallelTest.TestClass2" name="TestMethod5" time="0.001"/>
  <system-out/>
  <testcase classname="com.naveen.parallelTest.TestClass2" name="TestMethod7" time="0.001"/>
  <system-out/>
</testsuite> <!-- com.naveen.parallelTest.TestClass2 -->
